<?xml version="1.0" encoding="UTF-8"?>
<!-- Generated by org.testng.reporters.JUnitReportReporter -->
<testsuite hostname="C02CW1RNMD6M" failures="0" tests="5" name="DynamicJson" time="1.778" errors="0" timestamp="2022-07-06T12:50:07 IST" skipped="0">
  <testcase classname="DynamicJson" name="addBook" time="0.120"/>
  <system-out/>
  <testcase classname="DynamicJson" name="addBook" time="0.115"/>
  <system-out/>
  <testcase classname="DynamicJson" name="addBook" time="1.316"/>
  <system-out/>
  <testcase classname="DynamicJson" name="addBook" time="0.118"/>
  <system-out/>
  <testcase classname="DynamicJson" name="addBook" time="0.109"/>
  <system-out/>
</testsuite> <!-- DynamicJson -->
