<?xml version="1.0" encoding="UTF-8"?>
<!-- Generated by org.testng.reporters.JUnitReportReporter -->
<testsuite hostname="C02CW1RNMD6M" failures="0" tests="1" name="SumValidation" time="0.764" errors="0" timestamp="2022-06-28T10:42:49 IST" skipped="0">
  <testcase classname="SumValidation" name="sumOfCourses" time="0.764"/>
  <system-out/>
</testsuite> <!-- SumValidation -->
