<?xml version="1.0" encoding="UTF-8"?>
<!-- Generated by org.testng.reporters.JUnitReportReporter -->
<testsuite hostname="C02CW1RNMD6M" failures="0" tests="1" name="test.SumValidation3" time="0.800" errors="0" timestamp="2022-06-28T09:21:59 IST" skipped="0">
  <testcase classname="test.SumValidation3" name="sumOfCourses" time="0.800"/>
  <system-out/>
</testsuite> <!-- test.SumValidation3 -->
